<?xml version="1.0" encoding="UTF-8"?>
<!-- Generated by org.testng.reporters.JUnitReportReporter -->
<testsuite hostname="E5570-2417" name="base.Logout" tests="1" failures="0" timestamp="26 Mar 2018 14:05:52 GMT" time="2.263" errors="0">
  <testcase name="test" time="2.263" classname="base.Logout"/>
</testsuite> <!-- base.Logout -->
