<?xml version="1.0" encoding="UTF-8"?>
<!-- Generated by org.testng.reporters.JUnitReportReporter -->
<testsuite hostname="E5570-2417" name="strat_regresion_test.Delete_Priority" tests="1" failures="0" timestamp="26 Mar 2018 14:05:52 GMT" time="3.116" errors="0">
  <testcase name="test" time="3.116" classname="strat_regresion_test.Delete_Priority"/>
</testsuite> <!-- strat_regresion_test.Delete_Priority -->
