<?xml version="1.0" encoding="UTF-8"?>
<!-- Generated by org.testng.reporters.JUnitReportReporter -->
<testsuite hostname="E5570-2417" name="strat_regresion_test.Envisioning" tests="1" failures="0" timestamp="22 Mar 2018 19:12:01 GMT" time="3.304" errors="0">
  <testcase name="doubleClickOnStrat" time="3.304" classname="strat_regresion_test.Envisioning"/>
</testsuite> <!-- strat_regresion_test.Envisioning -->
