<?xml version="1.0" encoding="UTF-8"?>
<!-- Generated by org.testng.reporters.JUnitReportReporter -->
<testsuite skipped="0" hostname="E5570-2417" name="strat_regresion_test.AddEnableDisableRemoveUserFlow" tests="1" failures="0" timestamp="13 Mar 2018 19:46:04 GMT" time="52.700" errors="0">
  <testcase name="test" time="52.700" classname="strat_regresion_test.AddEnableDisableRemoveUserFlow"/>
</testsuite> <!-- strat_regresion_test.AddEnableDisableRemoveUserFlow -->
