<?xml version="1.0" encoding="UTF-8"?>
<!-- Generated by org.testng.reporters.JUnitReportReporter -->
<testsuite hostname="E5570-2417" name="strat_regresion_test.Add_New_Priorities" tests="1" failures="0" timestamp="22 Mar 2018 19:12:01 GMT" time="11.642" errors="0">
  <testcase name="test" time="11.642" classname="strat_regresion_test.Add_New_Priorities"/>
</testsuite> <!-- strat_regresion_test.Add_New_Priorities -->
