<?xml version="1.0" encoding="UTF-8"?>
<!-- Generated by org.testng.reporters.JUnitReportReporter -->
<testsuite hostname="E5570-2417" name="base.Logout" tests="1" failures="0" timestamp="22 Mar 2018 19:12:01 GMT" time="2.298" errors="0">
  <testcase name="test" time="2.298" classname="base.Logout"/>
</testsuite> <!-- base.Logout -->
