<?xml version="1.0" encoding="UTF-8"?>
<!-- Generated by org.testng.reporters.JUnitReportReporter -->
<testsuite hostname="E5570-2417" name="strat_regresion_test.RequestPassword" tests="1" failures="0" timestamp="22 Mar 2018 16:29:31 GMT" time="17.692" errors="0">
  <testcase name="requestPassword" time="17.692" classname="strat_regresion_test.RequestPassword"/>
</testsuite> <!-- strat_regresion_test.RequestPassword -->
