<?xml version="1.0" encoding="UTF-8"?>
<!-- Generated by org.testng.reporters.JUnitReportReporter -->
<testsuite hostname="E5570-2417" name="strat_regresion_test.Login" tests="1" failures="0" timestamp="26 Mar 2018 16:05:16 GMT" time="6.409" errors="0">
  <testcase name="login" time="6.409" classname="strat_regresion_test.Login"/>
</testsuite> <!-- strat_regresion_test.Login -->
