<?xml version="1.0" encoding="UTF-8"?>
<!-- Generated by org.testng.reporters.JUnitReportReporter -->
<testsuite skipped="0" hostname="E5570-2417" name="strat_regresion_test.ManageUsers" tests="1" failures="0" timestamp="13 Mar 2018 19:46:04 GMT" time="4.279" errors="0">
  <testcase name="manageusers" time="4.279" classname="strat_regresion_test.ManageUsers"/>
</testsuite> <!-- strat_regresion_test.ManageUsers -->
