<?xml version="1.0" encoding="UTF-8"?>
<!-- Generated by org.testng.reporters.JUnitReportReporter -->
<testsuite hostname="E5570-2417" name="strat_regresion_test.Dashboard_regresion" tests="1" failures="0" timestamp="22 Mar 2018 19:12:01 GMT" time="55.591" errors="0">
  <testcase name="NewStrategy" time="55.591" classname="strat_regresion_test.Dashboard_regresion"/>
</testsuite> <!-- strat_regresion_test.Dashboard_regresion -->
