<?xml version="1.0" encoding="UTF-8"?>
<!-- Generated by org.testng.reporters.JUnitReportReporter -->
<testsuite hostname="E5570-2417" name="strat_regresion_test.AddMission" tests="1" failures="0" timestamp="26 Mar 2018 14:05:52 GMT" time="7.257" errors="0">
  <testcase name="addPurpose" time="7.257" classname="strat_regresion_test.AddMission"/>
</testsuite> <!-- strat_regresion_test.AddMission -->
