<?xml version="1.0" encoding="UTF-8"?>
<!-- Generated by org.testng.reporters.JUnitReportReporter -->
<testsuite hostname="E5570-2417" name="strat_regresion_test.Edit_Priority" tests="1" failures="0" timestamp="26 Mar 2018 16:05:16 GMT" time="11.750" errors="0">
  <testcase name="editPriority" time="11.750" classname="strat_regresion_test.Edit_Priority"/>
</testsuite> <!-- strat_regresion_test.Edit_Priority -->
