<?xml version="1.0" encoding="UTF-8"?>
<!-- Generated by org.testng.reporters.JUnitReportReporter -->
<testsuite skipped="0" hostname="E5570-2417" name="strat_regresion_test.AddEnableDisableUserFlow" tests="1" failures="0" timestamp="12 Mar 2018 15:48:03 GMT" time="36.744" errors="0">
  <testcase name="test" time="36.744" classname="strat_regresion_test.AddEnableDisableUserFlow"/>
</testsuite> <!-- strat_regresion_test.AddEnableDisableUserFlow -->
