<?xml version="1.0" encoding="UTF-8"?>
<!-- Generated by org.testng.reporters.JUnitReportReporter -->
<testsuite skipped="0" hostname="E5570-2417" name="strat_regresion_test.Logout" tests="1" failures="0" timestamp="08 Mar 2018 13:26:42 GMT" time="2.256" errors="0">
  <testcase name="test" time="2.256" classname="strat_regresion_test.Logout"/>
</testsuite> <!-- strat_regresion_test.Logout -->
