<?xml version="1.0" encoding="UTF-8"?>
<!-- Generated by org.testng.reporters.JUnitReportReporter -->
<testsuite hostname="E5570-2417" name="strat_regresion_test.Delete_Priority" tests="1" failures="0" timestamp="26 Mar 2018 16:05:16 GMT" time="3.120" errors="0">
  <testcase name="deletePriority" time="3.120" classname="strat_regresion_test.Delete_Priority"/>
</testsuite> <!-- strat_regresion_test.Delete_Priority -->
