<?xml version="1.0" encoding="UTF-8"?>
<!-- Generated by org.testng.reporters.JUnitReportReporter -->
<testsuite hostname="E5570-2417" name="strat_regresion_test.Removing_User" tests="1" failures="0" timestamp="26 Mar 2018 16:05:16 GMT" time="18.352" errors="0">
  <testcase name="removingUser" time="18.352" classname="strat_regresion_test.Removing_User"/>
</testsuite> <!-- strat_regresion_test.Removing_User -->
