<?xml version="1.0" encoding="UTF-8"?>
<!-- Generated by org.testng.reporters.JUnitReportReporter -->
<testsuite hostname="E5570-2417" name="strat_regresion_test.Institution_Selector_Cobb" tests="1" failures="0" timestamp="26 Mar 2018 14:05:52 GMT" time="2.856" errors="0">
  <testcase name="institution_selector_cobb" time="2.856" classname="strat_regresion_test.Institution_Selector_Cobb"/>
</testsuite> <!-- strat_regresion_test.Institution_Selector_Cobb -->
