<?xml version="1.0" encoding="UTF-8"?>
<!-- Generated by org.testng.reporters.JUnitReportReporter -->
<testsuite hostname="E5570-2417" name="strat_regresion_test.Nav_Dashboard" tests="1" failures="0" timestamp="26 Mar 2018 16:05:16 GMT" time="4.184" errors="0">
  <testcase name="navDashboard" time="4.184" classname="strat_regresion_test.Nav_Dashboard"/>
</testsuite> <!-- strat_regresion_test.Nav_Dashboard -->
