<?xml version="1.0" encoding="UTF-8"?>
<!-- Generated by org.testng.reporters.JUnitReportReporter -->
<testsuite hostname="E5570-2417" name="strat_regresion_test.Edit_Priority" tests="1" failures="0" timestamp="22 Mar 2018 19:12:01 GMT" time="11.744" errors="0">
  <testcase name="test" time="11.744" classname="strat_regresion_test.Edit_Priority"/>
</testsuite> <!-- strat_regresion_test.Edit_Priority -->
