<?xml version="1.0" encoding="UTF-8"?>
<!-- Generated by org.testng.reporters.JUnitReportReporter -->
<testsuite hostname="E5570-2417" name="strat_regresion_test.Add_User" tests="1" failures="0" timestamp="26 Mar 2018 16:05:16 GMT" time="19.037" errors="0">
  <testcase name="addUser" time="19.037" classname="strat_regresion_test.Add_User"/>
</testsuite> <!-- strat_regresion_test.Add_User -->
