<?xml version="1.0" encoding="UTF-8"?>
<!-- Generated by org.testng.reporters.JUnitReportReporter -->
<testsuite skipped="0" hostname="E5570-2417" name="strat_regresion_test.Open_Close_Browser_Chorme" tests="1" failures="0" timestamp="01 Mar 2018 13:41:36 GMT" time="0.003" errors="0">
  <testcase name="f" time="0.003" classname="strat_regresion_test.Open_Close_Browser_Chorme"/>
</testsuite> <!-- strat_regresion_test.Open_Close_Browser_Chorme -->
