<?xml version="1.0" encoding="UTF-8"?>
<!-- Generated by org.testng.reporters.JUnitReportReporter -->
<testsuite hostname="E5570-2417" name="strat_regresion_test.Work_Complete" tests="1" failures="0" timestamp="26 Mar 2018 16:05:16 GMT" time="0.190" errors="0">
  <testcase name="workComplete" time="0.190" classname="strat_regresion_test.Work_Complete"/>
</testsuite> <!-- strat_regresion_test.Work_Complete -->
